<?xml version="1.0" encoding="UTF-8"?>
<!-- Generated by org.testng.reporters.JUnitXMLReporter -->
<testsuite hostname="JOSE-HPENVY" name="Default test" tests="3" failures="0" timestamp="17 Mar 2020 02:35:05 GMT" time="0.592" errors="0">
  <testcase name="testUsingExcel" time="0.009" classname="seleniumexample.UsingExcel"/>
  <testcase name="testUsingExcel" time="0.001" classname="seleniumexample.UsingExcel"/>
  <testcase name="testUsingExcel" time="0.002" classname="seleniumexample.UsingExcel"/>
</testsuite> <!-- Default test -->
