<?xml version="1.0" encoding="UTF-8" ?>
<testsuite tests="4" failures="2" name="TestSuite" time="0.037" errors="0" skipped="0">
  <properties>
[...]
</properties>
  <testcase classname="extentreport.ExtentReportTest" name="clickGmail" time="0.037">
    <failure message="expected [true] but found [false]" type="java.lang.AssertionError">java.lang.AssertionError: expected [true] but found [false]
	at org.testng.Assert.fail(Assert.java:94)
	at org.testng.Assert.failNotEquals(Assert.java:494)
	at org.testng.Assert.assertTrue(Assert.java:42)
	at org.testng.Assert.assertTrue(Assert.java:52)
	at extentreport.ExtentReportTest.clickGmail(ExtentReportTest.java:34)
</failure>
    <system-out>Configuring TestNG with: org.apache.maven.surefire.testng.conf.TestNG652Configurator@41a4555e
</system-out>
    <system-err>Starting ChromeDriver 2.37.544315 (730aa6a5fdba159ac9f4c1e8cbc59bf1b5ce12b7) on port 4583
Only local connections are allowed.
Mar 13, 2020 12:00:38 AM org.openqa.selenium.remote.ProtocolHandshake createSession
INFO: Detected dialect: OSS
Starting ChromeDriver 2.37.544315 (730aa6a5fdba159ac9f4c1e8cbc59bf1b5ce12b7) on port 9420
Only local connections are allowed.
Mar 13, 2020 12:00:49 AM org.openqa.selenium.remote.ProtocolHandshake createSession
INFO: Detected dialect: OSS
</system-err>
  </testcase>
  <testcase classname="extentreport.ExtentReportTest" name="validatelogo" time="0"/>
  <testcase classname="extentreport.ExtentSecondReportTest" name="clickGmail" time="0">
    <failure message="expected [true] but found [false]" type="java.lang.AssertionError">java.lang.AssertionError: expected [true] but found [false]
	at org.testng.Assert.fail(Assert.java:94)
	at org.testng.Assert.failNotEquals(Assert.java:494)
	at org.testng.Assert.assertTrue(Assert.java:42)
	at org.testng.Assert.assertTrue(Assert.java:52)
	at extentreport.ExtentSecondReportTest.clickGmail(ExtentSecondReportTest.java:34)
</failure>
  </testcase>
  <testcase classname="extentreport.ExtentSecondReportTest" name="validatelogo" time="0"/>
</testsuite>