<?xml version="1.0" encoding="UTF-8"?>
<testng-results skipped="0" failed="0" total="3" passed="3">
  <reporter-output>
  </reporter-output>
  <suite name="Default suite" duration-ms="592" started-at="2020-03-17T02:35:05Z" finished-at="2020-03-17T02:35:05Z">
    <groups>
    </groups>
    <test name="Default test" duration-ms="592" started-at="2020-03-17T02:35:05Z" finished-at="2020-03-17T02:35:05Z">
      <class name="seleniumexample.UsingExcel">
        <test-method status="PASS" signature="testUsingExcel(java.lang.String, java.lang.String, java.lang.String, java.lang.String)[pri:0, instance:seleniumexample.UsingExcel@feb3fa]" name="testUsingExcel" duration-ms="9" started-at="2020-03-16T22:35:05Z" data-provider="loginData" finished-at="2020-03-16T22:35:05Z">
          <params>
            <param index="0">
              <value>
                <![CDATA[Don]]>
              </value>
            </param>
            <param index="1">
              <value>
                <![CDATA[aaa3]]>
              </value>
            </param>
            <param index="2">
              <value>
                <![CDATA[Pass]]>
              </value>
            </param>
            <param index="3">
              <value>
                <![CDATA[y]]>
              </value>
            </param>
          </params>
          <reporter-output>
          </reporter-output>
        </test-method> <!-- testUsingExcel -->
        <test-method status="PASS" signature="testUsingExcel(java.lang.String, java.lang.String, java.lang.String, java.lang.String)[pri:0, instance:seleniumexample.UsingExcel@feb3fa]" name="testUsingExcel" duration-ms="1" started-at="2020-03-16T22:35:05Z" data-provider="loginData" finished-at="2020-03-16T22:35:05Z">
          <params>
            <param index="0">
              <value>
                <![CDATA[Jose]]>
              </value>
            </param>
            <param index="1">
              <value>
                <![CDATA[bbb4]]>
              </value>
            </param>
            <param index="2">
              <value>
                <![CDATA[fail]]>
              </value>
            </param>
            <param index="3">
              <value>
                <![CDATA[n]]>
              </value>
            </param>
          </params>
          <reporter-output>
          </reporter-output>
        </test-method> <!-- testUsingExcel -->
        <test-method status="PASS" signature="testUsingExcel(java.lang.String, java.lang.String, java.lang.String, java.lang.String)[pri:0, instance:seleniumexample.UsingExcel@feb3fa]" name="testUsingExcel" duration-ms="2" started-at="2020-03-16T22:35:05Z" data-provider="loginData" finished-at="2020-03-16T22:35:05Z">
          <params>
            <param index="0">
              <value>
                <![CDATA[Nikhil]]>
              </value>
            </param>
            <param index="1">
              <value>
                <![CDATA[akjfsdk]]>
              </value>
            </param>
            <param index="2">
              <value>
                <![CDATA[Pass]]>
              </value>
            </param>
            <param index="3">
              <value>
                <![CDATA[Y]]>
              </value>
            </param>
          </params>
          <reporter-output>
          </reporter-output>
        </test-method> <!-- testUsingExcel -->
      </class> <!-- seleniumexample.UsingExcel -->
    </test> <!-- Default test -->
  </suite> <!-- Default suite -->
</testng-results>
